<?xml version="1.0" ?>
<testsuites disabled="0" errors="0" failures="9" tests="9" time="0.0">
	<testsuite disabled="0" errors="0" failures="2" name="integration_tests/cmake-files-dir/some_folder/script.cmake" skipped="0" tests="2" time="0">
		<testcase line="1" name="LINK_LIBRARIES">
			<failure message="line:    1       LINK_LIBRARIES&gt; link_libraries(
" type="failure"/>
		</testcase>
		<testcase line="5" name="INCLUDE_DIRECTORIES">
			<failure message="line:    5  INCLUDE_DIRECTORIES&gt;     include_directories  ()
" type="failure"/>
		</testcase>
	</testsuite>
	<testsuite disabled="0" errors="0" failures="1" name="integration_tests/cmake-files-dir/CMakeLists.txt" skipped="0" tests="1" time="0">
		<testcase line="1" name="COMPILE_FLAGS">
			<failure message="line:    1        COMPILE_FLAGS&gt; CMAKE_CXX_FLAGS
" type="failure"/>
		</testcase>
	</testsuite>
	<testsuite disabled="0" errors="0" failures="3" name="integration_tests/dir_with_file_glob_issue/CMakeLists.txt" skipped="0" tests="3" time="0">
		<testcase line="2" name="FILE_GLOB">
			<failure message="line:    2            FILE_GLOB&gt; file(GLOB is here 234)
" type="failure"/>
		</testcase>
		<testcase line="3" name="FILE_GLOB">
			<failure message="line:    3            FILE_GLOB&gt; file(GLOB is here 444)
" type="failure"/>
		</testcase>
		<testcase line="6" name="ADD_COMPILE_OPTIONS">
			<failure message="line:    6  ADD_COMPILE_OPTIONS&gt;       add_compile_options  (&lt;dupa wielka&gt;)
" type="failure"/>
		</testcase>
	</testsuite>
	<testsuite disabled="0" errors="0" failures="0" name="integration_tests/empty_file/CMakeLists.txt" skipped="0" tests="0" time="0"/>
	<testsuite disabled="0" errors="0" failures="3" name="integration_tests/multiple_violations_in_single_line/CMakeLists.txt" skipped="0" tests="3" time="0">
		<testcase line="5" name="ADD_COMPILE_OPTIONS">
			<failure message="line:    5  ADD_COMPILE_OPTIONS&gt; add_compile_options() CMAKE_CXX_FLAGS include_directories()
" type="failure"/>
		</testcase>
		<testcase line="5" name="COMPILE_FLAGS">
			<failure message="line:    5        COMPILE_FLAGS&gt; add_compile_options() CMAKE_CXX_FLAGS include_directories()
" type="failure"/>
		</testcase>
		<testcase line="5" name="INCLUDE_DIRECTORIES">
			<failure message="line:    5  INCLUDE_DIRECTORIES&gt; add_compile_options() CMAKE_CXX_FLAGS include_directories()
" type="failure"/>
		</testcase>
	</testsuite>
</testsuites>
